<?xml version="1.0" encoding="UTF-8"?>
<testsuite name="utils.ParityCheckerTest" tests="1" skipped="0" failures="0" errors="0" timestamp="2022-05-13T16:05:44" hostname="LAPTOP-T4BRAJFJ" time="0.057">
  <properties/>
  <testcase name="should return false when checking if a odd number is even()" classname="utils.ParityCheckerTest" time="0.057"/>
  <system-out><![CDATA[]]></system-out>
  <system-err><![CDATA[]]></system-err>
</testsuite>
